# JRE version: Java(TM) SE Runtime Environment (8.0_311-b11) (build 1.8.0_311-b11)
# Java VM: Java HotSpot(TM) 64-Bit Server VM (25.311-b11 mixed mode windows-amd64 compressed oops)
Heap:
 PSYoungGen      total 578560K, used 278817K [0x000000076ab00000, 0x00000007aa800000, 0x00000007c0000000)
  eden space 112640K, 100% used [0x000000076ab00000,0x0000000771900000,0x0000000771900000)
  from space 465920K, 35% used [0x000000078e000000,0x0000000798248540,0x00000007aa700000)
  to   space 465920K, 31% used [0x0000000771900000,0x000000077a65ff20,0x000000078e000000)
 ParOldGen       total 2109952K, used 1708882K [0x00000006c0000000, 0x0000000740c80000, 0x000000076ab00000)
  object space 2109952K, 80% used [0x00000006c0000000,0x00000007284d8888,0x0000000740c80000)
 Metaspace       used 9535K, capacity 9835K, committed 9984K, reserved 1058816K
  class space    used 1086K, capacity 1185K, committed 1280K, reserved 1048576K
GC Heap History (10 events):
Event: 40.547 GC heap after
Heap after GC invocations=31 (full 7):
 PSYoungGen      total 549376K, used 436287K [0x000000076ab00000, 0x00000007aac00000, 0x00000007c0000000)
  eden space 100864K, 0% used [0x000000076ab00000,0x000000076ab00000,0x0000000770d80000)
  from space 448512K, 97% used [0x000000078d480000,0x00000007a7e8ff20,0x00000007a8a80000)
  to   space 465920K, 0% used [0x0000000770d80000,0x0000000770d80000,0x000000078d480000)
 ParOldGen       total 1193472K, used 996511K [0x00000006c0000000, 0x0000000708d80000, 0x000000076ab00000)
  object space 1193472K, 83% used [0x00000006c0000000,0x00000006fcd27f38,0x0000000708d80000)
 Metaspace       used 9449K, capacity 9756K, committed 9984K, reserved 1058816K
  class space    used 1085K, capacity 1185K, committed 1280K, reserved 1048576K
}
Event: 43.427 GC heap before
{Heap before GC invocations=32 (full 8):
 PSYoungGen      total 549376K, used 537151K [0x000000076ab00000, 0x00000007aac00000, 0x00000007c0000000)
  eden space 100864K, 100% used [0x000000076ab00000,0x0000000770d80000,0x0000000770d80000)
  from space 448512K, 97% used [0x000000078d480000,0x00000007a7e8ff20,0x00000007a8a80000)
  to   space 465920K, 0% used [0x0000000770d80000,0x0000000770d80000,0x000000078d480000)
 ParOldGen       total 1374208K, used 1356959K [0x00000006c0000000, 0x0000000713e00000, 0x000000076ab00000)
  object space 1374208K, 98% used [0x00000006c0000000,0x0000000712d27f58,0x0000000713e00000)
 Metaspace       used 9449K, capacity 9756K, committed 9984K, reserved 1058816K
  class space    used 1085K, capacity 1185K, committed 1280K, reserved 1048576K
Event: 54.431 GC heap after
Heap after GC invocations=32 (full 8):
 PSYoungGen      total 549376K, used 316570K [0x000000076ab00000, 0x00000007aac00000, 0x00000007c0000000)
  eden space 100864K, 0% used [0x000000076ab00000,0x000000076ab00000,0x0000000770d80000)
  from space 448512K, 70% used [0x000000078d480000,0x00000007a09a69c8,0x00000007a8a80000)
  to   space 465920K, 0% used [0x0000000770d80000,0x0000000770d80000,0x000000078d480000)
 ParOldGen       total 1697792K, used 1373918K [0x00000006c0000000, 0x0000000727a00000, 0x000000076ab00000)
  object space 1697792K, 80% used [0x00000006c0000000,0x0000000713db7bd8,0x0000000727a00000)
 Metaspace       used 9449K, capacity 9756K, committed 9984K, reserved 1058816K
  class space    used 1085K, capacity 1185K, committed 1280K, reserved 1048576K
}
Event: 56.174 GC heap before
{Heap before GC invocations=33 (full 8):
 PSYoungGen      total 549376K, used 417434K [0x000000076ab00000, 0x00000007aac00000, 0x00000007c0000000)
  eden space 100864K, 100% used [0x000000076ab00000,0x0000000770d80000,0x0000000770d80000)
  from space 448512K, 70% used [0x000000078d480000,0x00000007a09a69c8,0x00000007a8a80000)
  to   space 465920K, 0% used [0x0000000770d80000,0x0000000770d80000,0x000000078d480000)
 ParOldGen       total 1697792K, used 1373918K [0x00000006c0000000, 0x0000000727a00000, 0x000000076ab00000)
  object space 1697792K, 80% used [0x00000006c0000000,0x0000000713db7bd8,0x0000000727a00000)
 Metaspace       used 9449K, capacity 9756K, committed 9984K, reserved 1058816K
  class space    used 1085K, capacity 1185K, committed 1280K, reserved 1048576K
Event: 58.613 GC heap after
Heap after GC invocations=33 (full 8):
 PSYoungGen      total 566784K, used 354496K [0x000000076ab00000, 0x00000007aa700000, 0x00000007c0000000)
  eden space 100864K, 0% used [0x000000076ab00000,0x000000076ab00000,0x0000000770d80000)
  from space 465920K, 76% used [0x0000000770d80000,0x00000007867b0000,0x000000078d480000)
  to   space 465920K, 0% used [0x000000078e000000,0x000000078e000000,0x00000007aa700000)
 ParOldGen       total 1697792K, used 1437534K [0x00000006c0000000, 0x0000000727a00000, 0x000000076ab00000)
  object space 1697792K, 84% used [0x00000006c0000000,0x0000000717bd7bd8,0x0000000727a00000)
 Metaspace       used 9449K, capacity 9756K, committed 9984K, reserved 1058816K
  class space    used 1085K, capacity 1185K, committed 1280K, reserved 1048576K
}
Event: 59.756 GC heap before
{Heap before GC invocations=34 (full 8):
 PSYoungGen      total 566784K, used 426991K [0x000000076ab00000, 0x00000007aa700000, 0x00000007c0000000)
  eden space 100864K, 71% used [0x000000076ab00000,0x000000076f1cbea0,0x0000000770d80000)
  from space 465920K, 76% used [0x0000000770d80000,0x00000007867b0000,0x000000078d480000)
  to   space 465920K, 0% used [0x000000078e000000,0x000000078e000000,0x00000007aa700000)
 ParOldGen       total 1697792K, used 1437534K [0x00000006c0000000, 0x0000000727a00000, 0x000000076ab00000)
  object space 1697792K, 84% used [0x00000006c0000000,0x0000000717bd7bd8,0x0000000727a00000)
 Metaspace       used 9449K, capacity 9756K, committed 9984K, reserved 1058816K
  class space    used 1085K, capacity 1185K, committed 1280K, reserved 1048576K
Event: 60.727 GC heap after
Heap after GC invocations=34 (full 8):
 PSYoungGen      total 578560K, used 298464K [0x000000076ab00000, 0x00000007aa800000, 0x00000007c0000000)
  eden space 112640K, 0% used [0x000000076ab00000,0x000000076ab00000,0x0000000771900000)
  from space 465920K, 64% used [0x000000078e000000,0x00000007a0378000,0x00000007aa700000)
  to   space 465920K, 0% used [0x0000000771900000,0x0000000771900000,0x000000078e000000)
 ParOldGen       total 1697792K, used 1566110K [0x00000006c0000000, 0x0000000727a00000, 0x000000076ab00000)
  object space 1697792K, 92% used [0x00000006c0000000,0x000000071f967bd8,0x0000000727a00000)
 Metaspace       used 9449K, capacity 9756K, committed 9984K, reserved 1058816K
  class space    used 1085K, capacity 1185K, committed 1280K, reserved 1048576K
}
Event: 60.727 GC heap before
{Heap before GC invocations=35 (full 9):
 PSYoungGen      total 578560K, used 298464K [0x000000076ab00000, 0x00000007aa800000, 0x00000007c0000000)
  eden space 112640K, 0% used [0x000000076ab00000,0x000000076ab00000,0x0000000771900000)
  from space 465920K, 64% used [0x000000078e000000,0x00000007a0378000,0x00000007aa700000)
  to   space 465920K, 0% used [0x0000000771900000,0x0000000771900000,0x000000078e000000)
 ParOldGen       total 1697792K, used 1566110K [0x00000006c0000000, 0x0000000727a00000, 0x000000076ab00000)
  object space 1697792K, 92% used [0x00000006c0000000,0x000000071f967bd8,0x0000000727a00000)
 Metaspace       used 9449K, capacity 9756K, committed 9984K, reserved 1058816K
  class space    used 1085K, capacity 1185K, committed 1280K, reserved 1048576K
Event: 70.104 GC heap after
Heap after GC invocations=35 (full 9):
 PSYoungGen      total 578560K, used 166177K [0x000000076ab00000, 0x00000007aa800000, 0x00000007c0000000)
  eden space 112640K, 0% used [0x000000076ab00000,0x000000076ab00000,0x0000000771900000)
  from space 465920K, 35% used [0x000000078e000000,0x0000000798248540,0x00000007aa700000)
  to   space 465920K, 0% used [0x0000000771900000,0x0000000771900000,0x000000078e000000)
 ParOldGen       total 2109952K, used 1697330K [0x00000006c0000000, 0x0000000740c80000, 0x000000076ab00000)
  object space 2109952K, 80% used [0x00000006c0000000,0x000000072798c888,0x0000000740c80000)
 Metaspace       used 9449K, capacity 9756K, committed 9984K, reserved 1058816K
  class space    used 1085K, capacity 1185K, committed 1280K, reserved 1048576K
}
Event: 70.234 GC heap before
{Heap before GC invocations=36 (full 9):
 PSYoungGen      total 578560K, used 278817K [0x000000076ab00000, 0x00000007aa800000, 0x00000007c0000000)
  eden space 112640K, 100% used [0x000000076ab00000,0x0000000771900000,0x0000000771900000)
  from space 465920K, 35% used [0x000000078e000000,0x0000000798248540,0x00000007aa700000)
  to   space 465920K, 0% used [0x0000000771900000,0x0000000771900000,0x000000078e000000)
 ParOldGen       total 2109952K, used 1697330K [0x00000006c0000000, 0x0000000740c80000, 0x000000076ab00000)
  object space 2109952K, 80% used [0x00000006c0000000,0x000000072798c888,0x0000000740c80000)
 Metaspace       used 9535K, capacity 9835K, committed 9984K, reserved 1058816K
  class space    used 1086K, capacity 1185K, committed 1280K, reserved 1048576K

